This is pdfTeX, Version 3.1415926-2.4-1.40.13 (MiKTeX 2.9 64-bit) (preloaded format=pdflatex 2014.1.13)  19 SEP 2014 16:55
entering extended mode
**Disparity_MS.tex
(C:\Users\sfinlay\Desktop\Thesis\Disparity\writing\Disparity_MS.tex
LaTeX2e <2011/06/27>
Babel <v3.8m> and hyphenation patterns for english, afrikaans, ancientgreek, ar
abic, armenian, assamese, basque, bengali, bokmal, bulgarian, catalan, coptic, 
croatian, czech, danish, dutch, esperanto, estonian, farsi, finnish, french, ga
lician, german, german-x-2012-05-30, greek, gujarati, hindi, hungarian, iceland
ic, indonesian, interlingua, irish, italian, kannada, kurmanji, latin, latvian,
 lithuanian, malayalam, marathi, mongolian, mongolianlmc, monogreek, ngerman, n
german-x-2012-05-30, nynorsk, oriya, panjabi, pinyin, polish, portuguese, roman
ian, russian, sanskrit, serbian, slovak, slovenian, spanish, swedish, swissgerm
an, tamil, telugu, turkish, turkmen, ukenglish, ukrainian, uppersorbian, usengl
ishmax, welsh, loaded.
("C:\Program Files\MiKTeX 2.9\tex\latex\base\article.cls"
Document Class: article 2007/10/19 v1.4h Standard LaTeX document class
("C:\Program Files\MiKTeX 2.9\tex\latex\base\size12.clo"
File: size12.clo 2007/10/19 v1.4h Standard LaTeX file (size option)
)
\c@part=\count79
\c@section=\count80
\c@subsection=\count81
\c@subsubsection=\count82
\c@paragraph=\count83
\c@subparagraph=\count84
\c@figure=\count85
\c@table=\count86
\abovecaptionskip=\skip41
\belowcaptionskip=\skip42
\bibindent=\dimen102
)
("C:\Program Files\MiKTeX 2.9\tex\latex\tools\enumerate.sty"
Package: enumerate 1999/03/05 v3.00 enumerate extensions (DPC)
\@enLab=\toks14
)
("C:\Program Files\MiKTeX 2.9\tex\latex\setspace\setspace.sty"
Package: setspace 2011/12/19 v6.7a set line spacing
)
("C:\Program Files\MiKTeX 2.9\tex\latex\preprint\authblk.sty"
Package: authblk 2001/02/27 1.3 (PWD)
\affilsep=\skip43
\@affilsep=\skip44
\c@Maxaffil=\count87
\c@authors=\count88
\c@affil=\count89
)
("C:\Program Files\MiKTeX 2.9\tex\latex\graphics\graphicx.sty"
Package: graphicx 1999/02/16 v1.0f Enhanced LaTeX Graphics (DPC,SPQR)

("C:\Program Files\MiKTeX 2.9\tex\latex\graphics\keyval.sty"
Package: keyval 1999/03/16 v1.13 key=value parser (DPC)
\KV@toks@=\toks15
)
("C:\Program Files\MiKTeX 2.9\tex\latex\graphics\graphics.sty"
Package: graphics 2009/02/05 v1.0o Standard LaTeX Graphics (DPC,SPQR)

("C:\Program Files\MiKTeX 2.9\tex\latex\graphics\trig.sty"
Package: trig 1999/03/16 v1.09 sin cos tan (DPC)
)
("C:\Program Files\MiKTeX 2.9\tex\latex\00miktex\graphics.cfg"
File: graphics.cfg 2007/01/18 v1.5 graphics configuration of teTeX/TeXLive
)
Package graphics Info: Driver file: pdftex.def on input line 91.

("C:\Program Files\MiKTeX 2.9\tex\latex\pdftex-def\pdftex.def"
File: pdftex.def 2011/05/27 v0.06d Graphics/color for pdfTeX

("C:\Program Files\MiKTeX 2.9\tex\generic\oberdiek\infwarerr.sty"
Package: infwarerr 2010/04/08 v1.3 Providing info/warning/error messages (HO)
)
("C:\Program Files\MiKTeX 2.9\tex\generic\oberdiek\ltxcmds.sty"
Package: ltxcmds 2011/11/09 v1.22 LaTeX kernel commands for general use (HO)
)
\Gread@gobject=\count90
))
\Gin@req@height=\dimen103
\Gin@req@width=\dimen104
)
("C:\Program Files\MiKTeX 2.9\tex\latex\endfloat\endfloat.sty"
Package: endfloat 2011/12/25 v2.5d LaTeX2e package puts figures and tables at e
nd (jdm)
\c@postfigure=\count91
\efloat@postfff=\write3
\@ef@fffopen=\count92
\c@posttable=\count93
\efloat@postttt=\write4
\@ef@tttopen=\count94
)
("C:\Program Files\MiKTeX 2.9\tex\latex\oberdiek\pdflscape.sty"
Package: pdflscape 2008/08/11 v0.10 Display of landscape pages in PDF (HO)

("C:\Program Files\MiKTeX 2.9\tex\latex\graphics\lscape.sty"
Package: lscape 2000/10/22 v3.01 Landscape Pages (DPC)
)
("C:\Program Files\MiKTeX 2.9\tex\generic\oberdiek\ifpdf.sty"
Package: ifpdf 2011/01/30 v2.3 Provides the ifpdf switch (HO)
Package ifpdf Info: pdfTeX in PDF mode is detected.
)
Package pdflscape Info: Auto-detected driver: pdftex on input line 80.

("C:\Program Files\MiKTeX 2.9\tex\generic\ifxetex\ifxetex.sty"
Package: ifxetex 2010/09/12 v0.6 Provides ifxetex conditional
))
("C:\Program Files\MiKTeX 2.9\tex\latex\mh\mathtools.sty"
Package: mathtools 2013/02/12 v1.13 mathematical typesetting tools

("C:\Program Files\MiKTeX 2.9\tex\latex\tools\calc.sty"
Package: calc 2007/08/22 v4.3 Infix arithmetic (KKT,FJ)
\calc@Acount=\count95
\calc@Bcount=\count96
\calc@Adimen=\dimen105
\calc@Bdimen=\dimen106
\calc@Askip=\skip45
\calc@Bskip=\skip46
LaTeX Info: Redefining \setlength on input line 76.
LaTeX Info: Redefining \addtolength on input line 77.
\calc@Ccount=\count97
\calc@Cskip=\skip47
)
("C:\Program Files\MiKTeX 2.9\tex\latex\mh\mhsetup.sty"
Package: mhsetup 2010/01/21 v1.2a programming setup (MH)
)
("C:\Program Files\MiKTeX 2.9\tex\latex\amsmath\amsmath.sty"
Package: amsmath 2013/01/14 v2.14 AMS math features
\@mathmargin=\skip48

For additional information on amsmath, use the `?' option.
("C:\Program Files\MiKTeX 2.9\tex\latex\amsmath\amstext.sty"
Package: amstext 2000/06/29 v2.01

("C:\Program Files\MiKTeX 2.9\tex\latex\amsmath\amsgen.sty"
File: amsgen.sty 1999/11/30 v2.0
\@emptytoks=\toks16
\ex@=\dimen107
))
("C:\Program Files\MiKTeX 2.9\tex\latex\amsmath\amsbsy.sty"
Package: amsbsy 1999/11/29 v1.2d
\pmbraise@=\dimen108
)
("C:\Program Files\MiKTeX 2.9\tex\latex\amsmath\amsopn.sty"
Package: amsopn 1999/12/14 v2.01 operator names
)
\inf@bad=\count98
LaTeX Info: Redefining \frac on input line 210.
\uproot@=\count99
\leftroot@=\count100
LaTeX Info: Redefining \overline on input line 306.
\classnum@=\count101
\DOTSCASE@=\count102
LaTeX Info: Redefining \ldots on input line 378.
LaTeX Info: Redefining \dots on input line 381.
LaTeX Info: Redefining \cdots on input line 466.
\Mathstrutbox@=\box26
\strutbox@=\box27
\big@size=\dimen109
LaTeX Font Info:    Redeclaring font encoding OML on input line 566.
LaTeX Font Info:    Redeclaring font encoding OMS on input line 567.
\macc@depth=\count103
\c@MaxMatrixCols=\count104
\dotsspace@=\muskip10
\c@parentequation=\count105
\dspbrk@lvl=\count106
\tag@help=\toks17
\row@=\count107
\column@=\count108
\maxfields@=\count109
\andhelp@=\toks18
\eqnshift@=\dimen110
\alignsep@=\dimen111
\tagshift@=\dimen112
\tagwidth@=\dimen113
\totwidth@=\dimen114
\lineht@=\dimen115
\@envbody=\toks19
\multlinegap=\skip49
\multlinetaggap=\skip50
\mathdisplay@stack=\toks20
LaTeX Info: Redefining \[ on input line 2665.
LaTeX Info: Redefining \] on input line 2666.
)
LaTeX Info: Thecontrolsequence`\['isalreadyrobust on input line 129.
LaTeX Info: Thecontrolsequence`\]'isalreadyrobust on input line 129.
\g_MT_multlinerow_int=\count110
\l_MT_multwidth_dim=\dimen116
\origjot=\skip51
\l_MT_shortvdotswithinadjustabove_dim=\dimen117
\l_MT_shortvdotswithinadjustbelow_dim=\dimen118
\l_MT_above_intertext_sep=\dimen119
\l_MT_below_intertext_sep=\dimen120
\l_MT_above_shortintertext_sep=\dimen121
\l_MT_below_shortintertext_sep=\dimen122
)
("C:\Program Files\MiKTeX 2.9\tex\latex\psnfss\mathpazo.sty"
Package: mathpazo 2005/04/12 PSNFSS-v9.2a Palatino w/ Pazo Math (D.Puga, WaS) 
\symupright=\mathgroup4
)
("C:\Program Files\MiKTeX 2.9\tex\latex\base\fixltx2e.sty"
Package: fixltx2e 2006/09/13 v1.1m fixes to LaTeX
LaTeX Info: Redefining \em on input line 420.
LaTeX Info: The control sequence `\(' is already robust on input line 469.
LaTeX Info: The control sequence `\)' is already robust on input line 470.
LaTeX Info: The control sequence `\[' is already robust on input line 471.
LaTeX Info: The control sequence `\]' is already robust on input line 472.
)
(C:\Users\sfinlay\Desktop\Thesis\Disparity\writing\ms.sty
Package: ms 2008/07/28 v1 Rich's manuscript definitions

Package: ms - common definitions
("C:\Program Files\MiKTeX 2.9\tex\latex\lineno\lineno.sty"
Package: lineno 2005/11/02 line numbers on paragraphs v4.41
\linenopenalty=\count111
\output=\toks21
\linenoprevgraf=\count112
\linenumbersep=\dimen123
\linenumberwidth=\dimen124
\c@linenumber=\count113
\c@pagewiselinenumber=\count114
\c@LN@truepage=\count115
\c@internallinenumber=\count116
\c@internallinenumbers=\count117
\quotelinenumbersep=\dimen125
\bframerule=\dimen126
\bframesep=\dimen127
\bframebox=\box28
LaTeX Info: Redefining \\ on input line 3056.
)
("C:\Program Files\MiKTeX 2.9\tex\latex\refstyle\refstyle.sty"
Package: refstyle 2010/11/02 v0.5 Reference formatting (DNJ Els)
Package refstyle Info: Config file refstyle.cfg used on input line 322.

("C:\Program Files\MiKTeX 2.9\tex\latex\refstyle\refstyle.cfg"
File: refstyle.cfg 2010/11/02 0.5 Configuration file for refstyle (DNJ Els)
Package refstyle Info: New reference template \newref{part} on input line 468.
Package refstyle Info: \partkey created on input line 468.
Package refstyle Info: \partlabel created on input line 468.
Package refstyle Info: \partref created on input line 468.
Package refstyle Info: \Partref created on input line 468.
Package refstyle Info: \partrangeref created on input line 468.
Package refstyle Info: \Partrangeref created on input line 468.
Package refstyle Info: \partpageref created on input line 468.
Package refstyle Info: New reference template \newref{chap} on input line 501.
Package refstyle Info: \chapkey created on input line 501.
Package refstyle Info: \chaplabel created on input line 501.
Package refstyle Info: \chapref created on input line 501.
Package refstyle Info: \Chapref created on input line 501.
Package refstyle Info: \chaprangeref created on input line 501.
Package refstyle Info: \Chaprangeref created on input line 501.
Package refstyle Info: \chappageref created on input line 501.
Package refstyle Info: New reference template \newref{sec} on input line 511.
Package refstyle Info: \seckey created on input line 511.
Package refstyle Info: \seclabel created on input line 511.
Package refstyle Info: \secref created on input line 511.
Package refstyle Info: \Secref created on input line 511.
Package refstyle Info: \secrangeref created on input line 511.
Package refstyle Info: \Secrangeref created on input line 511.
Package refstyle Info: \secpageref created on input line 511.
Package refstyle Info: New reference template \newref{eq} on input line 526.
Package refstyle Info: \eqkey created on input line 526.
Package refstyle Info: \eqlabel created on input line 526.
Package refstyle Info: \eqref created on input line 526.
Package refstyle Info: \Eqref created on input line 526.
Package refstyle Info: \eqrangeref created on input line 526.
Package refstyle Info: \Eqrangeref created on input line 526.
Package refstyle Info: \eqpageref created on input line 526.
Package refstyle Info: New reference template \newref{fig} on input line 544.
Package refstyle Info: \figkey created on input line 544.
Package refstyle Info: \figlabel created on input line 544.
Package refstyle Info: \figref created on input line 544.
Package refstyle Info: \Figref created on input line 544.
Package refstyle Info: \figrangeref created on input line 544.
Package refstyle Info: \Figrangeref created on input line 544.
Package refstyle Info: \figpageref created on input line 544.
Package refstyle Info: New reference template \newref{tab} on input line 553.
Package refstyle Info: \tabkey created on input line 553.
Package refstyle Info: \tablabel created on input line 553.
Package refstyle Info: \tabref created on input line 553.
Package refstyle Info: \Tabref created on input line 553.
Package refstyle Info: \tabrangeref created on input line 553.
Package refstyle Info: \Tabrangeref created on input line 553.
Package refstyle Info: \tabpageref created on input line 553.
Package refstyle Info: New reference template \newref{fn} on input line 568.
Package refstyle Info: \fnkey created on input line 568.
Package refstyle Info: \fnlabel created on input line 568.
Package refstyle Info: \fnref created on input line 568.
Package refstyle Info: \Fnref created on input line 568.
Package refstyle Info: \fnrangeref created on input line 568.
Package refstyle Info: \Fnrangeref created on input line 568.
Package refstyle Info: \fnpageref created on input line 568.
))
("C:\Program Files\MiKTeX 2.9\tex\latex\ncctools\extdash.sty"
Package: extdash 2005/01/29 v1.2 Extended Dash Package (NCC)
)
("C:\Program Files\MiKTeX 2.9\tex\latex\graphics\color.sty"
Package: color 2005/11/14 v1.0j Standard LaTeX Color (DPC)

("C:\Program Files\MiKTeX 2.9\tex\latex\00miktex\color.cfg"
File: color.cfg 2007/01/18 v1.5 color configuration of teTeX/TeXLive
)
Package color Info: Driver file: pdftex.def on input line 130.
)
("C:\Program Files\MiKTeX 2.9\tex\latex\geometry\geometry.sty"
Package: geometry 2010/09/12 v5.6 Page Geometry

("C:\Program Files\MiKTeX 2.9\tex\generic\oberdiek\ifvtex.sty"
Package: ifvtex 2010/03/01 v1.5 Detect VTeX and its facilities (HO)
Package ifvtex Info: VTeX not detected.
)
\Gm@cnth=\count118
\Gm@cntv=\count119
\c@Gm@tempcnt=\count120
\Gm@bindingoffset=\dimen128
\Gm@wd@mp=\dimen129
\Gm@odd@mp=\dimen130
\Gm@even@mp=\dimen131
\Gm@layoutwidth=\dimen132
\Gm@layoutheight=\dimen133
\Gm@layouthoffset=\dimen134
\Gm@layoutvoffset=\dimen135
\Gm@dimlist=\toks22

("C:\Program Files\MiKTeX 2.9\tex\latex\geometry\geometry.cfg")))
("C:\Program Files\MiKTeX 2.9\tex\latex\natbib\natbib.sty"
Package: natbib 2010/09/13 8.31b (PWD, AO)
\bibhang=\skip52
\bibsep=\skip53
LaTeX Info: Redefining \cite on input line 694.
\c@NAT@ctr=\count121
)
(C:\Users\sfinlay\Desktop\Thesis\Disparity\writing\Disparity_MS.aux)
LaTeX Font Info:    Checking defaults for OML/cmm/m/it on input line 50.
LaTeX Font Info:    ... okay on input line 50.
LaTeX Font Info:    Checking defaults for T1/cmr/m/n on input line 50.
LaTeX Font Info:    ... okay on input line 50.
LaTeX Font Info:    Checking defaults for OT1/cmr/m/n on input line 50.
LaTeX Font Info:    ... okay on input line 50.
LaTeX Font Info:    Checking defaults for OMS/cmsy/m/n on input line 50.
LaTeX Font Info:    ... okay on input line 50.
LaTeX Font Info:    Checking defaults for OMX/cmex/m/n on input line 50.
LaTeX Font Info:    ... okay on input line 50.
LaTeX Font Info:    Checking defaults for U/cmr/m/n on input line 50.
LaTeX Font Info:    ... okay on input line 50.
LaTeX Font Info:    Try loading font information for OT1+pplj on input line 50.


("C:\Program Files\MiKTeX 2.9\tex\latex\psnfss\ot1pplj.fd"
File: ot1pplj.fd 2004/09/06 font definitions for OT1/pplj.
)
("C:\Program Files\MiKTeX 2.9\tex\context\base\supp-pdf.mkii"
[Loading MPS to PDF converter (version 2006.09.02).]
\scratchcounter=\count122
\scratchdimen=\dimen136
\scratchbox=\box29
\nofMPsegments=\count123
\nofMParguments=\count124
\everyMPshowfont=\toks23
\MPscratchCnt=\count125
\MPscratchDim=\dimen137
\MPnumerator=\count126
\makeMPintoPDFobject=\count127
\everyMPtoPDFconversion=\toks24
)
*geometry* driver: auto-detecting
*geometry* detected driver: pdftex
*geometry* verbose mode - [ preamble ] result:
* driver: pdftex
* paper: a4paper
* layout: <same size as paper>
* layoutoffset:(h,v)=(0.0pt,0.0pt)
* modes: 
* h-part:(L,W,R)=(99.58464pt, 398.3386pt, 99.58464pt)
* v-part:(T,H,B)=(99.58464pt, 645.87756pt, 99.58464pt)
* \paperwidth=597.50787pt
* \paperheight=845.04684pt
* \textwidth=398.3386pt
* \textheight=645.87756pt
* \oddsidemargin=27.31465pt
* \evensidemargin=27.31465pt
* \topmargin=-9.68535pt
* \headheight=12.0pt
* \headsep=25.0pt
* \topskip=12.0pt
* \footskip=30.0pt
* \marginparwidth=35.0pt
* \marginparsep=10.0pt
* \columnsep=10.0pt
* \skip\footins=10.8pt plus 4.0pt minus 2.0pt
* \hoffset=0.0pt
* \voffset=0.0pt
* \mag=1000
* \@twocolumnfalse
* \@twosidefalse
* \@mparswitchfalse
* \@reversemarginfalse
* (1in=72.27pt=25.4mm, 1cm=28.453pt)

LaTeX Font Info:    Font shape `OT1/pplj/bx/n' in size <12> not available
(Font)              Font shape `OT1/pplj/b/n' tried instead on input line 54.
LaTeX Font Info:    Try loading font information for OT1+ppl on input line 54.
("C:\Program Files\MiKTeX 2.9\tex\latex\psnfss\ot1ppl.fd"
File: ot1ppl.fd 2001/06/04 font definitions for OT1/ppl.
)
LaTeX Font Info:    Try loading font information for OML+zplm on input line 54.


("C:\Program Files\MiKTeX 2.9\tex\latex\psnfss\omlzplm.fd"
File: omlzplm.fd 2002/09/08 Fontinst v1.914 font definitions for OML/zplm.
)
LaTeX Font Info:    Try loading font information for OMS+zplm on input line 54.


("C:\Program Files\MiKTeX 2.9\tex\latex\psnfss\omszplm.fd"
File: omszplm.fd 2002/09/08 Fontinst v1.914 font definitions for OMS/zplm.
)
LaTeX Font Info:    Try loading font information for OMX+zplm on input line 54.


("C:\Program Files\MiKTeX 2.9\tex\latex\psnfss\omxzplm.fd"
File: omxzplm.fd 2002/09/08 Fontinst v1.914 font definitions for OMX/zplm.
)
LaTeX Font Info:    Try loading font information for OT1+zplm on input line 54.


("C:\Program Files\MiKTeX 2.9\tex\latex\psnfss\ot1zplm.fd"
File: ot1zplm.fd 2002/09/08 Fontinst v1.914 font definitions for OT1/zplm.
) [1

{C:/ProgramData/MiKTeX/2.9/pdftex/config/pdftex.map}]
LaTeX Font Info:    Font shape `OT1/pplj/bx/n' in size <17.28> not available
(Font)              Font shape `OT1/pplj/b/n' tried instead on input line 58.
 [2

] [3]
LaTeX Font Info:    Font shape `OT1/pplj/bx/n' in size <14.4> not available
(Font)              Font shape `OT1/pplj/b/n' tried instead on input line 97.
 [4] [5] (Disparity_MS.fff)
[6] [7] [8] (Disparity_MS.ttt) [9] [10] [11]
(C:\Users\sfinlay\Desktop\Thesis\Disparity\writing\Disparity_MS.bbl [12]
[13] [14]) AED endfloat: Processing end Figures and Tables [15]
(C:\Users\sfinlay\Desktop\Thesis\Disparity\writing\Disparity_MS.lof)
\tf@lof=\write5
 [16


]
(C:\Users\sfinlay\Desktop\Thesis\Disparity\writing\Disparity_MS.fff
<figures/skdors+skvent+sklat_BW.png, id=61, 423.0204pt x 524.6802pt>
File: figures/skdors+skvent+sklat_BW.png Graphic file (type png)

<use figures/skdors+skvent+sklat_BW.png>
Package pdftex.def Info: figures/skdors+skvent+sklat_BW.png used on input line 
3.
(pdftex.def)             Requested size: 398.3386pt x 494.08812pt.


LaTeX Warning: Text page 17 contains only floats.

[17

 <C:/Users/sfinlay/Desktop/Thesis/Disparity/writing/figures/skdors+skvent+sklat
_BW.png>]
<figures/skdors_PCA_allspecies_BW.png, id=65, 587.796pt x 451.4466pt>
File: figures/skdors_PCA_allspecies_BW.png Graphic file (type png)

<use figures/skdors_PCA_allspecies_BW.png>
Package pdftex.def Info: figures/skdors_PCA_allspecies_BW.png used on input lin
e 14.
(pdftex.def)             Requested size: 398.3386pt x 305.93945pt.
 [18 <C:/Users/sfinlay/Desktop/Thesis/Disparity/writing/figures/skdors_PCA_alls
pecies_BW.png>])
(C:\Users\sfinlay\Desktop\Thesis\Disparity\writing\Disparity_MS.lot
Overfull \hbox (2.3534pt too wide) in paragraph at lines 1--1
 [][] []\OT1/pplj/m/n/12 Comparison of mor-pho-log-i-cal di-ver-sity in ten-rec
s and golden 
 []

)
\tf@lot=\write6
 [19



] (C:\Users\sfinlay\Desktop\Thesis\Disparity\writing\Disparity_MS.ttt
(C:\Users\sfinlay\Desktop\Thesis\Disparity\writing\tables/cent.dist.diversity.t
ex) [20

]) (C:\Users\sfinlay\Desktop\Thesis\Disparity\writing\Disparity_MS.aux) ) 
Here is how much of TeX's memory you used:
 4634 strings out of 493921
 65317 string characters out of 3147276
 137489 words of memory out of 3000000
 7794 multiletter control sequences out of 15000+200000
 43620 words of font info for 103 fonts, out of 3000000 for 9000
 841 hyphenation exceptions out of 8191
 33i,10n,36p,978b,293s stack positions out of 5000i,500n,10000p,200000b,50000s
{C:/Pr
ogram Files/MiKTeX 2.9/fonts/enc/dvips/fontname/8r.enc}<C:/Program Files/MiKTeX
 2.9/fonts/type1/public/amsfonts/cm/cmmi10.pfb><C:/Program Files/MiKTeX 2.9/fon
ts/type1/public/amsfonts/cm/cmsy10.pfb><C:/Program Files/MiKTeX 2.9/fonts/type1
/public/amsfonts/cm/cmtt12.pfb><C:/Program Files/MiKTeX 2.9/fonts/type1/public/
fpl/fplbj8a.pfb><C:/Program Files/MiKTeX 2.9/fonts/type1/public/fpl/fplrc8a.pfb
><C:/Program Files/MiKTeX 2.9/fonts/type1/public/fpl/fplrij8a.pfb><C:/Program F
iles/MiKTeX 2.9/fonts/type1/urw/palatino/uplb8a.pfb><C:/Program Files/MiKTeX 2.
9/fonts/type1/urw/palatino/uplr8a.pfb><C:/Program Files/MiKTeX 2.9/fonts/type1/
urw/palatino/uplri8a.pfb>
Output written on Disparity_MS.pdf (20 pages, 650231 bytes).
PDF statistics:
 106 PDF objects out of 1000 (max. 8388607)
 0 named destinations out of 1000 (max. 500000)
 11 words of extra memory for PDF output out of 10000 (max. 10000000)

