This is pdfTeX, Version 3.1415926-2.4-1.40.13 (MiKTeX 2.9 64-bit) (preloaded format=pdflatex 2014.1.13)  2 MAY 2014 16:49
entering extended mode
**Disp_Paper.tex
(C:\Users\sfinlay\Desktop\Organising\Writing\Thesis\Disparity\Disp_Paper.tex
LaTeX2e <2011/06/27>
Babel <v3.8m> and hyphenation patterns for english, afrikaans, ancientgreek, ar
abic, armenian, assamese, basque, bengali, bokmal, bulgarian, catalan, coptic, 
croatian, czech, danish, dutch, esperanto, estonian, farsi, finnish, french, ga
lician, german, german-x-2012-05-30, greek, gujarati, hindi, hungarian, iceland
ic, indonesian, interlingua, irish, italian, kannada, kurmanji, latin, latvian,
 lithuanian, malayalam, marathi, mongolian, mongolianlmc, monogreek, ngerman, n
german-x-2012-05-30, nynorsk, oriya, panjabi, pinyin, polish, portuguese, roman
ian, russian, sanskrit, serbian, slovak, slovenian, spanish, swedish, swissgerm
an, tamil, telugu, turkish, turkmen, ukenglish, ukrainian, uppersorbian, usengl
ishmax, welsh, loaded.
("C:\Program Files\MiKTeX 2.9\tex\latex\base\article.cls"
Document Class: article 2007/10/19 v1.4h Standard LaTeX document class
("C:\Program Files\MiKTeX 2.9\tex\latex\base\size12.clo"
File: size12.clo 2007/10/19 v1.4h Standard LaTeX file (size option)
)
\c@part=\count79
\c@section=\count80
\c@subsection=\count81
\c@subsubsection=\count82
\c@paragraph=\count83
\c@subparagraph=\count84
\c@figure=\count85
\c@table=\count86
\abovecaptionskip=\skip41
\belowcaptionskip=\skip42
\bibindent=\dimen102
)
("C:\Program Files\MiKTeX 2.9\tex\latex\natbib\natbib.sty"
Package: natbib 2010/09/13 8.31b (PWD, AO)
\bibhang=\skip43
\bibsep=\skip44
LaTeX Info: Redefining \cite on input line 694.
\c@NAT@ctr=\count87
)
("C:\Program Files\MiKTeX 2.9\tex\latex\tools\enumerate.sty"
Package: enumerate 1999/03/05 v3.00 enumerate extensions (DPC)
\@enLab=\toks14
)
("C:\Program Files\MiKTeX 2.9\tex\latex\setspace\setspace.sty"
Package: setspace 2011/12/19 v6.7a set line spacing
)
("C:\Program Files\MiKTeX 2.9\tex\latex\preprint\authblk.sty"
Package: authblk 2001/02/27 1.3 (PWD)
\affilsep=\skip45
\@affilsep=\skip46
\c@Maxaffil=\count88
\c@authors=\count89
\c@affil=\count90
)
("C:\Program Files\MiKTeX 2.9\tex\latex\graphics\graphicx.sty"
Package: graphicx 1999/02/16 v1.0f Enhanced LaTeX Graphics (DPC,SPQR)

("C:\Program Files\MiKTeX 2.9\tex\latex\graphics\keyval.sty"
Package: keyval 1999/03/16 v1.13 key=value parser (DPC)
\KV@toks@=\toks15
)
("C:\Program Files\MiKTeX 2.9\tex\latex\graphics\graphics.sty"
Package: graphics 2009/02/05 v1.0o Standard LaTeX Graphics (DPC,SPQR)

("C:\Program Files\MiKTeX 2.9\tex\latex\graphics\trig.sty"
Package: trig 1999/03/16 v1.09 sin cos tan (DPC)
)
("C:\Program Files\MiKTeX 2.9\tex\latex\00miktex\graphics.cfg"
File: graphics.cfg 2007/01/18 v1.5 graphics configuration of teTeX/TeXLive
)
Package graphics Info: Driver file: pdftex.def on input line 91.

("C:\Program Files\MiKTeX 2.9\tex\latex\pdftex-def\pdftex.def"
File: pdftex.def 2011/05/27 v0.06d Graphics/color for pdfTeX

("C:\Program Files\MiKTeX 2.9\tex\generic\oberdiek\infwarerr.sty"
Package: infwarerr 2010/04/08 v1.3 Providing info/warning/error messages (HO)
)
("C:\Program Files\MiKTeX 2.9\tex\generic\oberdiek\ltxcmds.sty"
Package: ltxcmds 2011/11/09 v1.22 LaTeX kernel commands for general use (HO)
)
\Gread@gobject=\count91
))
\Gin@req@height=\dimen103
\Gin@req@width=\dimen104
)
("C:\Program Files\MiKTeX 2.9\tex\latex\float\float.sty"
Package: float 2001/11/08 v1.3d Float enhancements (AL)
\c@float@type=\count92
\float@exts=\toks16
\float@box=\box26
\@float@everytoks=\toks17
\@floatcapt=\box27
)
\@float@every@table=\toks18

(C:\Users\sfinlay\Desktop\Organising\Writing\Thesis\Disparity\Disp_Paper.aux)
LaTeX Font Info:    Checking defaults for OML/cmm/m/it on input line 25.
LaTeX Font Info:    ... okay on input line 25.
LaTeX Font Info:    Checking defaults for T1/cmr/m/n on input line 25.
LaTeX Font Info:    ... okay on input line 25.
LaTeX Font Info:    Checking defaults for OT1/cmr/m/n on input line 25.
LaTeX Font Info:    ... okay on input line 25.
LaTeX Font Info:    Checking defaults for OMS/cmsy/m/n on input line 25.
LaTeX Font Info:    ... okay on input line 25.
LaTeX Font Info:    Checking defaults for OMX/cmex/m/n on input line 25.
LaTeX Font Info:    ... okay on input line 25.
LaTeX Font Info:    Checking defaults for U/cmr/m/n on input line 25.
LaTeX Font Info:    ... okay on input line 25.

("C:\Program Files\MiKTeX 2.9\tex\context\base\supp-pdf.mkii"
[Loading MPS to PDF converter (version 2006.09.02).]
\scratchcounter=\count93
\scratchdimen=\dimen105
\scratchbox=\box28
\nofMPsegments=\count94
\nofMParguments=\count95
\everyMPshowfont=\toks19
\MPscratchCnt=\count96
\MPscratchDim=\dimen106
\MPnumerator=\count97
\makeMPintoPDFobject=\count98
\everyMPtoPDFconversion=\toks20
)
LaTeX Font Info:    External font `cmex10' loaded for size
(Font)              <14.4> on input line 38.
LaTeX Font Info:    External font `cmex10' loaded for size
(Font)              <7> on input line 38.
 [1

{C:/ProgramData/MiKTeX/2.9/pdftex/config/pdftex.map}] [2] [3] [4] [5]
[6] <AMNH_51327_dorsallandmarksdiagram.png, id=26, 722.7pt x 481.8pt>
File: AMNH_51327_dorsallandmarksdiagram.png Graphic file (type png)

<use AMNH_51327_dorsallandmarksdiagram.png>
Package pdftex.def Info: AMNH_51327_dorsallandmarksdiagram.png used on input li
ne 128.
(pdftex.def)             Requested size: 390.0pt x 259.99902pt.
LaTeX Font Info:    External font `cmex10' loaded for size
(Font)              <12> on input line 139.
LaTeX Font Info:    External font `cmex10' loaded for size
(Font)              <8> on input line 139.
LaTeX Font Info:    External font `cmex10' loaded for size
(Font)              <6> on input line 139.

Overfull \hbox (79.9127pt too wide) in paragraph at lines 139--171
 [][] 
 []

[7 <C:/Users/sfinlay/Desktop/Organising/Writing/Thesis/Disparity/AMNH_51327_dor
sallandmarksdiagram.png>]
<AMNH_51327_landmarksdiagram.png, id=33, 688.4922pt x 289.08pt>
File: AMNH_51327_landmarksdiagram.png Graphic file (type png)

<use AMNH_51327_landmarksdiagram.png>
Package pdftex.def Info: AMNH_51327_landmarksdiagram.png used on input line 175
.
(pdftex.def)             Requested size: 390.0pt x 163.75395pt.
 [8]
Overfull \hbox (124.65808pt too wide) in paragraph at lines 186--209
 [][] 
 []

[9 <C:/Users/sfinlay/Desktop/Organising/Writing/Thesis/Disparity/AMNH_51327_lan
dmarksdiagram.png>] [10] [11]
Overfull \hbox (34.98651pt too wide) in paragraph at lines 259--272
 [][] 
 []


Overfull \hbox (34.98651pt too wide) in paragraph at lines 280--291
 [][] 
 []

[12]
<SkDors_Tenrecs+Gmoles_PC1PC2_01_05.jpg, id=50, 666.99188pt x 500.36937pt>
File: SkDors_Tenrecs+Gmoles_PC1PC2_01_05.jpg Graphic file (type jpg)

<use SkDors_Tenrecs+Gmoles_PC1PC2_01_05.jpg>
Package pdftex.def Info: SkDors_Tenrecs+Gmoles_PC1PC2_01_05.jpg used on input l
ine 316.
(pdftex.def)             Requested size: 390.0pt x 292.58128pt.
 [13]
<Mands_Tenrecs+Gmoles_PC1PC2_01_05_14.jpg, id=55, 548.0475pt x 480.79625pt>
File: Mands_Tenrecs+Gmoles_PC1PC2_01_05_14.jpg Graphic file (type jpg)

<use Mands_Tenrecs+Gmoles_PC1PC2_01_05_14.jpg>
Package pdftex.def Info: Mands_Tenrecs+Gmoles_PC1PC2_01_05_14.jpg used on input
 line 332.
(pdftex.def)             Requested size: 390.0pt x 342.14537pt.
 [14 <C:/Users/sfinlay/Desktop/Organising/Writing/Thesis/Disparity/SkDors_Tenre
cs+Gmoles_PC1PC2_01_05.jpg>]
[15 <C:/Users/sfinlay/Desktop/Organising/Writing/Thesis/Disparity/Mands_Tenrecs
+Gmoles_PC1PC2_01_05_14.jpg>]
LaTeX Font Info:    Try loading font information for OML+cmr on input line 362.


("C:\Program Files\MiKTeX 2.9\tex\latex\base\omlcmr.fd"
File: omlcmr.fd 1999/05/25 v2.5h Standard LaTeX font definitions
)
LaTeX Font Info:    Font shape `OML/cmr/m/n' in size <12> not available
(Font)              Font shape `OML/cmm/m/it' tried instead on input line 362.
 [16] [17]
(C:\Users\sfinlay\Desktop\Organising\Writing\Thesis\Disparity\Disp_Paper.bbl
[18] [19] [20] [21] [22] [23]) [24]
(C:\Users\sfinlay\Desktop\Organising\Writing\Thesis\Disparity\Disp_Paper.aux) )
 
Here is how much of TeX's memory you used:
 1871 strings out of 493921
 25760 string characters out of 3147276
 78902 words of memory out of 3000000
 5175 multiletter control sequences out of 15000+200000
 9763 words of font info for 34 fonts, out of 3000000 for 9000
 841 hyphenation exceptions out of 8191
 27i,7n,24p,1123b,309s stack positions out of 5000i,500n,10000p,200000b,50000s
<C:/Program Files/MiKTeX 2.9/fonts/type1/public/amsfonts/cm/cmbx10.pfb><C:/Prog
ram Files/MiKTeX 2.9/fonts/type1/public/amsfonts/cm/cmbx12.pfb><C:/Program File
s/MiKTeX 2.9/fonts/type1/public/amsfonts/cm/cmmi12.pfb><C:/Program Files/MiKTeX
 2.9/fonts/type1/public/amsfonts/cm/cmr10.pfb><C:/Program Files/MiKTeX 2.9/font
s/type1/public/amsfonts/cm/cmr12.pfb><C:/Program Files/MiKTeX 2.9/fonts/type1/p
ublic/amsfonts/cm/cmr17.pfb><C:/Program Files/MiKTeX 2.9/fonts/type1/public/ams
fonts/cm/cmti12.pfb>
Output written on Disp_Paper.pdf (24 pages, 959272 bytes).
PDF statistics:
 114 PDF objects out of 1000 (max. 8388607)
 0 named destinations out of 1000 (max. 500000)
 21 words of extra memory for PDF output out of 10000 (max. 10000000)

